<?xml version="1.0" encoding="UTF-8"?>
<!-- Generated by org.testng.reporters.JUnitReportReporter -->
<testsuite hostname="RLE0268" name="com.org.learningMaven.StepDefinition.Testrunner" tests="3" failures="0" timestamp="25 Feb 2017 12:29:47 GMT" time="20.267" errors="0">
  <testcase name="test01" time="3.732" classname="com.org.learningMaven.StepDefinition.Testrunner"/>
  <testcase name="test01" time="13.182" classname="com.org.learningMaven.StepDefinition.Testrunner"/>
  <testcase name="test01" time="3.353" classname="com.org.learningMaven.StepDefinition.Testrunner"/>
</testsuite> <!-- com.org.learningMaven.StepDefinition.Testrunner -->
