<?xml version="1.0" encoding="UTF-8"?>
<!-- Generated by org.testng.reporters.JUnitReportReporter -->
<testsuite hostname="RLE0268" name="com.org.learningMaven.cucrunner.Cucumber_Runner" tests="3" failures="0" timestamp="25 Feb 2017 18:06:32 GMT" time="13.623" errors="0">
  <testcase name="test01" time="3.177" classname="com.org.learningMaven.cucrunner.Cucumber_Runner"/>
  <testcase name="test01" time="3.568" classname="com.org.learningMaven.cucrunner.Cucumber_Runner"/>
  <testcase name="test01" time="6.878" classname="com.org.learningMaven.cucrunner.Cucumber_Runner"/>
</testsuite> <!-- com.org.learningMaven.cucrunner.Cucumber_Runner -->
